{
  "0 debug pnpm:scope": {
    "selected": 1
  },
  "1 error pnpm": {
    "errno": 1,
    "code": "ELIFECYCLE",
    "pkgid": "shaking-myself@1.0.0",
    "stage": "start",
    "script": "webpack-dev-server --mode development",
    "pkgname": "shaking-myself",
    "err": {
      "name": "pnpm",
      "message": "shaking-myself@1.0.0 start: `webpack-dev-server --mode development`\nExit status 1",
      "code": "ELIFECYCLE",
      "stack": "pnpm: shaking-myself@1.0.0 start: `webpack-dev-server --mode development`\nExit status 1\n    at EventEmitter.<anonymous> (/Users/baijinchen/.nvm/versions/node/v16.6.2/pnpm-global/5/node_modules/.pnpm/registry.npmmirror.com+pnpm@6.32.3/node_modules/pnpm/dist/pnpm.cjs:105724:20)\n    at EventEmitter.emit (node:events:394:28)\n    at ChildProcess.<anonymous> (/Users/baijinchen/.nvm/versions/node/v16.6.2/pnpm-global/5/node_modules/.pnpm/registry.npmmirror.com+pnpm@6.32.3/node_modules/pnpm/dist/pnpm.cjs:92285:18)\n    at ChildProcess.emit (node:events:394:28)\n    at maybeClose (node:internal/child_process:1067:16)\n    at Process.ChildProcess._handle.onexit (node:internal/child_process:301:5)"
    }
  },
  "2 warn pnpm:global": " Local package.json exists, but node_modules missing, did you mean to install?"
}